<?xml version="1.0" encoding="UTF-8"?>
<!-- Generated by org.testng.reporters.JUnitReportReporter -->
<testsuite hostname="IN-9NSZ9K3" failures="0" tests="3" name="com.assignment.testcases.LoginTest" time="36.652" errors="0" timestamp="2023-05-02T19:17:07 IST" skipped="0">
  <testcase classname="com.assignment.testcases.LoginTest" name="LoginTestPositive" time="9.978"/>
  <system-out/>
  <testcase classname="com.assignment.testcases.LoginTest" name="LoginTestNegative" time="11.727"/>
  <system-out/>
  <testcase classname="com.assignment.testcases.LoginTest" name="LoginTestNegative" time="14.947"/>
  <system-out/>
</testsuite> <!-- com.assignment.testcases.LoginTest -->
